u:\hlocal\xd\practica 1\plantillasdl\holasdl\x64\debug\vc143.pdb
u:\hlocal\xd\practica 1\plantillasdl\holasdl\x64\debug\vc143.idb
u:\hlocal\xd\practica 1\plantillasdl\holasdl\x64\debug\vector2d.obj
u:\hlocal\xd\practica 1\plantillasdl\holasdl\x64\debug\texture.obj
u:\hlocal\xd\practica 1\plantillasdl\holasdl\x64\debug\main.obj
u:\hlocal\xd\practica 1\plantillasdl\holasdl\x64\debug\laser.obj
u:\hlocal\xd\practica 1\plantillasdl\holasdl\x64\debug\game.obj
u:\hlocal\xd\practica 1\plantillasdl\holasdl\x64\debug\cannon.obj
u:\hlocal\xd\practica 1\plantillasdl\holasdl\x64\debug\bunker.obj
u:\hlocal\xd\practica 1\plantillasdl\holasdl\x64\debug\alien.obj
u:\hlocal\xd\practica 1\plantillasdl\bin\holasdldebug.pdb
u:\hlocal\xd\practica 1\plantillasdl\holasdl\x64\debug\holasdl.tlog\cl.command.1.tlog
u:\hlocal\xd\practica 1\plantillasdl\holasdl\x64\debug\holasdl.tlog\cl.items.tlog
u:\hlocal\xd\practica 1\plantillasdl\holasdl\x64\debug\holasdl.tlog\cl.read.1.tlog
u:\hlocal\xd\practica 1\plantillasdl\holasdl\x64\debug\holasdl.tlog\cl.write.1.tlog
u:\hlocal\xd\practica 1\plantillasdl\holasdl\x64\debug\holasdl.tlog\link-cvtres.read.1.tlog
u:\hlocal\xd\practica 1\plantillasdl\holasdl\x64\debug\holasdl.tlog\link-cvtres.write.1.tlog
u:\hlocal\xd\practica 1\plantillasdl\holasdl\x64\debug\holasdl.tlog\link-rc.read.1.tlog
u:\hlocal\xd\practica 1\plantillasdl\holasdl\x64\debug\holasdl.tlog\link-rc.write.1.tlog
u:\hlocal\xd\practica 1\plantillasdl\holasdl\x64\debug\holasdl.tlog\link.19820-cvtres.read.1.tlog
u:\hlocal\xd\practica 1\plantillasdl\holasdl\x64\debug\holasdl.tlog\link.19820-cvtres.write.1.tlog
u:\hlocal\xd\practica 1\plantillasdl\holasdl\x64\debug\holasdl.tlog\link.19820-rc.read.1.tlog
u:\hlocal\xd\practica 1\plantillasdl\holasdl\x64\debug\holasdl.tlog\link.19820-rc.write.1.tlog
u:\hlocal\xd\practica 1\plantillasdl\holasdl\x64\debug\holasdl.tlog\link.19820.read.1.tlog
u:\hlocal\xd\practica 1\plantillasdl\holasdl\x64\debug\holasdl.tlog\link.19820.read.2.tlog
u:\hlocal\xd\practica 1\plantillasdl\holasdl\x64\debug\holasdl.tlog\link.19820.write.1.tlog
u:\hlocal\xd\practica 1\plantillasdl\holasdl\x64\debug\holasdl.tlog\link.command.1.tlog
u:\hlocal\xd\practica 1\plantillasdl\holasdl\x64\debug\holasdl.tlog\link.read.1.tlog
u:\hlocal\xd\practica 1\plantillasdl\holasdl\x64\debug\holasdl.tlog\link.read.2.tlog
u:\hlocal\xd\practica 1\plantillasdl\holasdl\x64\debug\holasdl.tlog\link.write.1.tlog
